{
  "numFailedTestSuites": 0,
  "numFailedTests": 0,
  "numPassedTestSuites": 5,
  "numPassedTests": 50,
  "numPendingTestSuites": 0,
  "numPendingTests": 0,
  "numRuntimeErrorTestSuites": 0,
  "numTodoTests": 0,
  "numTotalTestSuites": 5,
  "numTotalTests": 50,
  "openHandles": [],
  "snapshot": {
    "added": 0,
    "didUpdate": false,
    "failure": false,
    "filesAdded": 0,
    "filesRemoved": 0,
    "filesRemovedList": [],
    "filesUnmatched": 0,
    "filesUpdated": 0,
    "matched": 0,
    "total": 0,
    "unchecked": 0,
    "uncheckedKeysByFile": [],
    "unmatched": 0,
    "updated": 0
  },
  "startTime": 1758620406244,
  "success": false,
  "testResults": [
    {
      "leaks": false,
      "numFailingTests": 0,
      "numPassingTests": 10,
      "numPendingTests": 0,
      "numTodoTests": 0,
      "openHandles": [],
      "perfStats": {
        "end": 1758620446375,
        "loadTestEnvironmentEnd": 1758620430203,
        "loadTestEnvironmentStart": 1758620408651,
        "runtime": 16167,
        "setupAfterEnvEnd": 1758620446291,
        "setupAfterEnvStart": 1758620441740,
        "setupFilesEnd": 1758620440239,
        "setupFilesStart": 1758620430208,
        "slow": true,
        "start": 1758620430208
      },
      "skipped": false,
      "snapshot": {
        "added": 0,
        "fileDeleted": false,
        "matched": 0,
        "unchecked": 0,
        "uncheckedKeys": [],
        "unmatched": 0,
        "updated": 0
      },
      "testFilePath": "D:\\FL2025\\Fl-ai-interface\\tests\\unit\\utils\\index.test.js",
      "testResults": [
        {
          "ancestorTitles": ["addressFormat"],
          "duration": 10,
          "failing": false,
          "failureDetails": [],
          "failureMessages": [],
          "fullName": "addressFormat formats valid Ethereum address correctly",
          "invocations": 1,
          "location": null,
          "numPassingAsserts": 1,
          "retryReasons": [],
          "startAt": 1758620446351,
          "status": "passed",
          "title": "formats valid Ethereum address correctly"
        },
        {
          "ancestorTitles": ["addressFormat"],
          "duration": 1,
          "failing": false,
          "failureDetails": [],
          "failureMessages": [],
          "fullName": "addressFormat handles short address correctly",
          "invocations": 1,
          "location": null,
          "numPassingAsserts": 1,
          "retryReasons": [],
          "startAt": 1758620446363,
          "status": "passed",
          "title": "handles short address correctly"
        },
        {
          "ancestorTitles": ["addressFormat"],
          "duration": 0,
          "failing": false,
          "failureDetails": [],
          "failureMessages": [],
          "fullName": "addressFormat returns \"无效地址\" for address not starting with 0x",
          "invocations": 1,
          "location": null,
          "numPassingAsserts": 1,
          "retryReasons": [],
          "startAt": 1758620446364,
          "status": "passed",
          "title": "returns \"无效地址\" for address not starting with 0x"
        },
        {
          "ancestorTitles": ["addressFormat"],
          "duration": 1,
          "failing": false,
          "failureDetails": [],
          "failureMessages": [],
          "fullName": "addressFormat returns \"无效地址\" for empty string",
          "invocations": 1,
          "location": null,
          "numPassingAsserts": 1,
          "retryReasons": [],
          "startAt": 1758620446364,
          "status": "passed",
          "title": "returns \"无效地址\" for empty string"
        },
        {
          "ancestorTitles": ["addressFormat"],
          "duration": 1,
          "failing": false,
          "failureDetails": [],
          "failureMessages": [],
          "fullName": "addressFormat returns \"无效地址\" for null input",
          "invocations": 1,
          "location": null,
          "numPassingAsserts": 1,
          "retryReasons": [],
          "startAt": 1758620446365,
          "status": "passed",
          "title": "returns \"无效地址\" for null input"
        },
        {
          "ancestorTitles": ["addressFormat"],
          "duration": 0,
          "failing": false,
          "failureDetails": [],
          "failureMessages": [],
          "fullName": "addressFormat returns \"无效地址\" for undefined input",
          "invocations": 1,
          "location": null,
          "numPassingAsserts": 1,
          "retryReasons": [],
          "startAt": 1758620446367,
          "status": "passed",
          "title": "returns \"无效地址\" for undefined input"
        },
        {
          "ancestorTitles": ["addressFormat"],
          "duration": 1,
          "failing": false,
          "failureDetails": [],
          "failureMessages": [],
          "fullName": "addressFormat handles minimum valid address length",
          "invocations": 1,
          "location": null,
          "numPassingAsserts": 1,
          "retryReasons": [],
          "startAt": 1758620446367,
          "status": "passed",
          "title": "handles minimum valid address length"
        },
        {
          "ancestorTitles": ["addressFormat"],
          "duration": 0,
          "failing": false,
          "failureDetails": [],
          "failureMessages": [],
          "fullName": "addressFormat handles address with exactly 6 characters after 0x",
          "invocations": 1,
          "location": null,
          "numPassingAsserts": 1,
          "retryReasons": [],
          "startAt": 1758620446368,
          "status": "passed",
          "title": "handles address with exactly 6 characters after 0x"
        },
        {
          "ancestorTitles": ["addressFormat"],
          "duration": 1,
          "failing": false,
          "failureDetails": [],
          "failureMessages": [],
          "fullName": "addressFormat handles very long address",
          "invocations": 1,
          "location": null,
          "numPassingAsserts": 1,
          "retryReasons": [],
          "startAt": 1758620446369,
          "status": "passed",
          "title": "handles very long address"
        },
        {
          "ancestorTitles": ["addressFormat"],
          "duration": 1,
          "failing": false,
          "failureDetails": [],
          "failureMessages": [],
          "fullName": "addressFormat handles address with mixed case",
          "invocations": 1,
          "location": null,
          "numPassingAsserts": 1,
          "retryReasons": [],
          "startAt": 1758620446370,
          "status": "passed",
          "title": "handles address with mixed case"
        }
      ],
      "failureMessage": null
    },
    {
      "leaks": false,
      "numFailingTests": 0,
      "numPassingTests": 14,
      "numPendingTests": 0,
      "numTodoTests": 0,
      "openHandles": [],
      "perfStats": {
        "end": 1758620446377,
        "loadTestEnvironmentEnd": 1758620430203,
        "loadTestEnvironmentStart": 1758620408651,
        "runtime": 16170,
        "setupAfterEnvEnd": 1758620446291,
        "setupAfterEnvStart": 1758620441739,
        "setupFilesEnd": 1758620440240,
        "setupFilesStart": 1758620430207,
        "slow": true,
        "start": 1758620430207
      },
      "skipped": false,
      "snapshot": {
        "added": 0,
        "fileDeleted": false,
        "matched": 0,
        "unchecked": 0,
        "uncheckedKeys": [],
        "unmatched": 0,
        "updated": 0
      },
      "testFilePath": "D:\\FL2025\\Fl-ai-interface\\tests\\unit\\utils\\sum.test.js",
      "testResults": [
        {
          "ancestorTitles": ["sum"],
          "duration": 15,
          "failing": false,
          "failureDetails": [],
          "failureMessages": [],
          "fullName": "sum returns 1 when first parameter is 1",
          "invocations": 1,
          "location": null,
          "numPassingAsserts": 1,
          "retryReasons": [],
          "startAt": 1758620446345,
          "status": "passed",
          "title": "returns 1 when first parameter is 1"
        },
        {
          "ancestorTitles": ["sum"],
          "duration": 2,
          "failing": false,
          "failureDetails": [],
          "failureMessages": [],
          "fullName": "sum returns 1 when first parameter is 1 and second is 0",
          "invocations": 1,
          "location": null,
          "numPassingAsserts": 1,
          "retryReasons": [],
          "startAt": 1758620446361,
          "status": "passed",
          "title": "returns 1 when first parameter is 1 and second is 0"
        },
        {
          "ancestorTitles": ["sum"],
          "duration": 1,
          "failing": false,
          "failureDetails": [],
          "failureMessages": [],
          "fullName": "sum returns 1 when first parameter is 1 and second is negative",
          "invocations": 1,
          "location": null,
          "numPassingAsserts": 1,
          "retryReasons": [],
          "startAt": 1758620446363,
          "status": "passed",
          "title": "returns 1 when first parameter is 1 and second is negative"
        },
        {
          "ancestorTitles": ["sum"],
          "duration": 1,
          "failing": false,
          "failureDetails": [],
          "failureMessages": [],
          "fullName": "sum returns sum of two positive numbers when first is not 1",
          "invocations": 1,
          "location": null,
          "numPassingAsserts": 1,
          "retryReasons": [],
          "startAt": 1758620446364,
          "status": "passed",
          "title": "returns sum of two positive numbers when first is not 1"
        },
        {
          "ancestorTitles": ["sum"],
          "duration": 1,
          "failing": false,
          "failureDetails": [],
          "failureMessages": [],
          "fullName": "sum returns sum of two negative numbers when first is not 1",
          "invocations": 1,
          "location": null,
          "numPassingAsserts": 1,
          "retryReasons": [],
          "startAt": 1758620446365,
          "status": "passed",
          "title": "returns sum of two negative numbers when first is not 1"
        },
        {
          "ancestorTitles": ["sum"],
          "duration": 0,
          "failing": false,
          "failureDetails": [],
          "failureMessages": [],
          "fullName": "sum returns sum when first is positive and second is negative",
          "invocations": 1,
          "location": null,
          "numPassingAsserts": 1,
          "retryReasons": [],
          "startAt": 1758620446366,
          "status": "passed",
          "title": "returns sum when first is positive and second is negative"
        },
        {
          "ancestorTitles": ["sum"],
          "duration": 1,
          "failing": false,
          "failureDetails": [],
          "failureMessages": [],
          "fullName": "sum returns sum when first is negative and second is positive",
          "invocations": 1,
          "location": null,
          "numPassingAsserts": 1,
          "retryReasons": [],
          "startAt": 1758620446366,
          "status": "passed",
          "title": "returns sum when first is negative and second is positive"
        },
        {
          "ancestorTitles": ["sum"],
          "duration": 0,
          "failing": false,
          "failureDetails": [],
          "failureMessages": [],
          "fullName": "sum returns first number when second is 0 and first is not 1",
          "invocations": 1,
          "location": null,
          "numPassingAsserts": 1,
          "retryReasons": [],
          "startAt": 1758620446367,
          "status": "passed",
          "title": "returns first number when second is 0 and first is not 1"
        },
        {
          "ancestorTitles": ["sum"],
          "duration": 1,
          "failing": false,
          "failureDetails": [],
          "failureMessages": [],
          "fullName": "sum returns second number when first is 0",
          "invocations": 1,
          "location": null,
          "numPassingAsserts": 1,
          "retryReasons": [],
          "startAt": 1758620446368,
          "status": "passed",
          "title": "returns second number when first is 0"
        },
        {
          "ancestorTitles": ["sum"],
          "duration": 1,
          "failing": false,
          "failureDetails": [],
          "failureMessages": [],
          "fullName": "sum returns 0 when both parameters are 0",
          "invocations": 1,
          "location": null,
          "numPassingAsserts": 1,
          "retryReasons": [],
          "startAt": 1758620446369,
          "status": "passed",
          "title": "returns 0 when both parameters are 0"
        },
        {
          "ancestorTitles": ["sum"],
          "duration": 1,
          "failing": false,
          "failureDetails": [],
          "failureMessages": [],
          "fullName": "sum handles decimal numbers when first is not 1",
          "invocations": 1,
          "location": null,
          "numPassingAsserts": 1,
          "retryReasons": [],
          "startAt": 1758620446370,
          "status": "passed",
          "title": "handles decimal numbers when first is not 1"
        },
        {
          "ancestorTitles": ["sum"],
          "duration": 1,
          "failing": false,
          "failureDetails": [],
          "failureMessages": [],
          "fullName": "sum returns 1 when first parameter is 1 and second is decimal",
          "invocations": 1,
          "location": null,
          "numPassingAsserts": 1,
          "retryReasons": [],
          "startAt": 1758620446371,
          "status": "passed",
          "title": "returns 1 when first parameter is 1 and second is decimal"
        },
        {
          "ancestorTitles": ["sum"],
          "duration": 1,
          "failing": false,
          "failureDetails": [],
          "failureMessages": [],
          "fullName": "sum handles large numbers when first is not 1",
          "invocations": 1,
          "location": null,
          "numPassingAsserts": 1,
          "retryReasons": [],
          "startAt": 1758620446372,
          "status": "passed",
          "title": "handles large numbers when first is not 1"
        },
        {
          "ancestorTitles": ["sum"],
          "duration": 0,
          "failing": false,
          "failureDetails": [],
          "failureMessages": [],
          "fullName": "sum returns 1 when first parameter is 1 and second is large number",
          "invocations": 1,
          "location": null,
          "numPassingAsserts": 1,
          "retryReasons": [],
          "startAt": 1758620446373,
          "status": "passed",
          "title": "returns 1 when first parameter is 1 and second is large number"
        }
      ],
      "failureMessage": null
    },
    {
      "leaks": false,
      "numFailingTests": 0,
      "numPassingTests": 7,
      "numPendingTests": 0,
      "numTodoTests": 0,
      "openHandles": [],
      "perfStats": {
        "end": 1758620446376,
        "loadTestEnvironmentEnd": 1758620430202,
        "loadTestEnvironmentStart": 1758620408651,
        "runtime": 16169,
        "setupAfterEnvEnd": 1758620446291,
        "setupAfterEnvStart": 1758620441741,
        "setupFilesEnd": 1758620440240,
        "setupFilesStart": 1758620430207,
        "slow": true,
        "start": 1758620430207
      },
      "skipped": false,
      "snapshot": {
        "added": 0,
        "fileDeleted": false,
        "matched": 0,
        "unchecked": 0,
        "uncheckedKeys": [],
        "unmatched": 0,
        "updated": 0
      },
      "testFilePath": "D:\\FL2025\\Fl-ai-interface\\tests\\unit\\utils\\getName.test.js",
      "testResults": [
        {
          "ancestorTitles": ["getName"],
          "duration": 10,
          "failing": false,
          "failureDetails": [],
          "failureMessages": [],
          "fullName": "getName returns \"MetaMask\" for MetaMask connector",
          "invocations": 1,
          "location": null,
          "numPassingAsserts": 1,
          "retryReasons": [],
          "startAt": 1758620446356,
          "status": "passed",
          "title": "returns \"MetaMask\" for MetaMask connector"
        },
        {
          "ancestorTitles": ["getName"],
          "duration": 1,
          "failing": false,
          "failureDetails": [],
          "failureMessages": [],
          "fullName": "getName returns \"WalletConnect V2\" for WalletConnect connector",
          "invocations": 1,
          "location": null,
          "numPassingAsserts": 1,
          "retryReasons": [],
          "startAt": 1758620446366,
          "status": "passed",
          "title": "returns \"WalletConnect V2\" for WalletConnect connector"
        },
        {
          "ancestorTitles": ["getName"],
          "duration": 1,
          "failing": false,
          "failureDetails": [],
          "failureMessages": [],
          "fullName": "getName returns \"Unknown\" for unknown connector type",
          "invocations": 1,
          "location": null,
          "numPassingAsserts": 1,
          "retryReasons": [],
          "startAt": 1758620446367,
          "status": "passed",
          "title": "returns \"Unknown\" for unknown connector type"
        },
        {
          "ancestorTitles": ["getName"],
          "duration": 1,
          "failing": false,
          "failureDetails": [],
          "failureMessages": [],
          "fullName": "getName returns \"Unknown\" for null connector",
          "invocations": 1,
          "location": null,
          "numPassingAsserts": 1,
          "retryReasons": [],
          "startAt": 1758620446368,
          "status": "passed",
          "title": "returns \"Unknown\" for null connector"
        },
        {
          "ancestorTitles": ["getName"],
          "duration": 1,
          "failing": false,
          "failureDetails": [],
          "failureMessages": [],
          "fullName": "getName returns \"Unknown\" for undefined connector",
          "invocations": 1,
          "location": null,
          "numPassingAsserts": 1,
          "retryReasons": [],
          "startAt": 1758620446370,
          "status": "passed",
          "title": "returns \"Unknown\" for undefined connector"
        },
        {
          "ancestorTitles": ["getName"],
          "duration": 1,
          "failing": false,
          "failureDetails": [],
          "failureMessages": [],
          "fullName": "getName handles connector with partial interface",
          "invocations": 1,
          "location": null,
          "numPassingAsserts": 1,
          "retryReasons": [],
          "startAt": 1758620446371,
          "status": "passed",
          "title": "handles connector with partial interface"
        },
        {
          "ancestorTitles": ["getName"],
          "duration": 1,
          "failing": false,
          "failureDetails": [],
          "failureMessages": [],
          "fullName": "getName correctly identifies MetaMask instance among multiple connectors",
          "invocations": 1,
          "location": null,
          "numPassingAsserts": 2,
          "retryReasons": [],
          "startAt": 1758620446372,
          "status": "passed",
          "title": "correctly identifies MetaMask instance among multiple connectors"
        }
      ],
      "failureMessage": null
    },
    {
      "leaks": false,
      "numFailingTests": 0,
      "numPassingTests": 16,
      "numPendingTests": 0,
      "numTodoTests": 0,
      "openHandles": [],
      "perfStats": {
        "end": 1758620453301,
        "loadTestEnvironmentEnd": 1758620430203,
        "loadTestEnvironmentStart": 1758620408651,
        "runtime": 23093,
        "setupAfterEnvEnd": 1758620446291,
        "setupAfterEnvStart": 1758620441739,
        "setupFilesEnd": 1758620440240,
        "setupFilesStart": 1758620430208,
        "slow": true,
        "start": 1758620430208
      },
      "skipped": false,
      "snapshot": {
        "added": 0,
        "fileDeleted": false,
        "matched": 0,
        "unchecked": 0,
        "uncheckedKeys": [],
        "unmatched": 0,
        "updated": 0
      },
      "testFilePath": "D:\\FL2025\\Fl-ai-interface\\tests\\unit\\hooks\\useENS.test.js",
      "testResults": [
        {
          "ancestorTitles": ["useENS Hook"],
          "duration": 47,
          "failing": false,
          "failureDetails": [],
          "failureMessages": [],
          "fullName": "useENS Hook initializes with default state",
          "invocations": 1,
          "location": null,
          "numPassingAsserts": 4,
          "retryReasons": [],
          "startAt": 1758620452479,
          "status": "passed",
          "title": "initializes with default state"
        },
        {
          "ancestorTitles": ["useENS Hook"],
          "duration": 13,
          "failing": false,
          "failureDetails": [],
          "failureMessages": [],
          "fullName": "useENS Hook returns early when address or provider is null",
          "invocations": 1,
          "location": null,
          "numPassingAsserts": 5,
          "retryReasons": [],
          "startAt": 1758620452527,
          "status": "passed",
          "title": "returns early when address or provider is null"
        },
        {
          "ancestorTitles": ["useENS Hook"],
          "duration": 72,
          "failing": false,
          "failureDetails": [],
          "failureMessages": [],
          "fullName": "useENS Hook resolves ENS name successfully",
          "invocations": 1,
          "location": null,
          "numPassingAsserts": 7,
          "retryReasons": [],
          "startAt": 1758620452540,
          "status": "passed",
          "title": "resolves ENS name successfully"
        },
        {
          "ancestorTitles": ["useENS Hook"],
          "duration": 80,
          "failing": false,
          "failureDetails": [],
          "failureMessages": [],
          "fullName": "useENS Hook handles ENS name resolution failure",
          "invocations": 1,
          "location": null,
          "numPassingAsserts": 4,
          "retryReasons": [],
          "startAt": 1758620452612,
          "status": "passed",
          "title": "handles ENS name resolution failure"
        },
        {
          "ancestorTitles": ["useENS Hook"],
          "duration": 73,
          "failing": false,
          "failureDetails": [],
          "failureMessages": [],
          "fullName": "useENS Hook handles no ENS name found",
          "invocations": 1,
          "location": null,
          "numPassingAsserts": 5,
          "retryReasons": [],
          "startAt": 1758620452692,
          "status": "passed",
          "title": "handles no ENS name found"
        },
        {
          "ancestorTitles": ["useENS Hook"],
          "duration": 80,
          "failing": false,
          "failureDetails": [],
          "failureMessages": [],
          "fullName": "useENS Hook resolves ENS name but fails to get avatar",
          "invocations": 1,
          "location": null,
          "numPassingAsserts": 4,
          "retryReasons": [],
          "startAt": 1758620452765,
          "status": "passed",
          "title": "resolves ENS name but fails to get avatar"
        },
        {
          "ancestorTitles": ["useENS Hook"],
          "duration": 79,
          "failing": false,
          "failureDetails": [],
          "failureMessages": [],
          "fullName": "useENS Hook handles resolver not found",
          "invocations": 1,
          "location": null,
          "numPassingAsserts": 5,
          "retryReasons": [],
          "startAt": 1758620452846,
          "status": "passed",
          "title": "handles resolver not found"
        },
        {
          "ancestorTitles": ["useENS Hook"],
          "duration": 79,
          "failing": false,
          "failureDetails": [],
          "failureMessages": [],
          "fullName": "useENS Hook handles empty avatar response",
          "invocations": 1,
          "location": null,
          "numPassingAsserts": 4,
          "retryReasons": [],
          "startAt": 1758620452925,
          "status": "passed",
          "title": "handles empty avatar response"
        },
        {
          "ancestorTitles": ["useENS Hook"],
          "duration": 145,
          "failing": false,
          "failureDetails": [],
          "failureMessages": [],
          "fullName": "useENS Hook updates when address changes",
          "invocations": 1,
          "location": null,
          "numPassingAsserts": 5,
          "retryReasons": [],
          "startAt": 1758620453004,
          "status": "passed",
          "title": "updates when address changes"
        },
        {
          "ancestorTitles": ["useENS Hook"],
          "duration": 141,
          "failing": false,
          "failureDetails": [],
          "failureMessages": [],
          "fullName": "useENS Hook updates when provider changes",
          "invocations": 1,
          "location": null,
          "numPassingAsserts": 2,
          "retryReasons": [],
          "startAt": 1758620453150,
          "status": "passed",
          "title": "updates when provider changes"
        },
        {
          "ancestorTitles": ["formatDisplayName"],
          "duration": 1,
          "failing": false,
          "failureDetails": [],
          "failureMessages": [],
          "fullName": "formatDisplayName returns empty string for null address",
          "invocations": 1,
          "location": null,
          "numPassingAsserts": 2,
          "retryReasons": [],
          "startAt": 1758620453291,
          "status": "passed",
          "title": "returns empty string for null address"
        },
        {
          "ancestorTitles": ["formatDisplayName"],
          "duration": 1,
          "failing": false,
          "failureDetails": [],
          "failureMessages": [],
          "fullName": "formatDisplayName returns ENS name when available",
          "invocations": 1,
          "location": null,
          "numPassingAsserts": 1,
          "retryReasons": [],
          "startAt": 1758620453292,
          "status": "passed",
          "title": "returns ENS name when available"
        },
        {
          "ancestorTitles": ["formatDisplayName"],
          "duration": 0,
          "failing": false,
          "failureDetails": [],
          "failureMessages": [],
          "fullName": "formatDisplayName returns formatted address when ENS name is null",
          "invocations": 1,
          "location": null,
          "numPassingAsserts": 1,
          "retryReasons": [],
          "startAt": 1758620453293,
          "status": "passed",
          "title": "returns formatted address when ENS name is null"
        },
        {
          "ancestorTitles": ["formatDisplayName"],
          "duration": 0,
          "failing": false,
          "failureDetails": [],
          "failureMessages": [],
          "fullName": "formatDisplayName returns formatted address when ENS name is empty string",
          "invocations": 1,
          "location": null,
          "numPassingAsserts": 1,
          "retryReasons": [],
          "startAt": 1758620453294,
          "status": "passed",
          "title": "returns formatted address when ENS name is empty string"
        },
        {
          "ancestorTitles": ["formatDisplayName"],
          "duration": 1,
          "failing": false,
          "failureDetails": [],
          "failureMessages": [],
          "fullName": "formatDisplayName handles short addresses correctly",
          "invocations": 1,
          "location": null,
          "numPassingAsserts": 1,
          "retryReasons": [],
          "startAt": 1758620453294,
          "status": "passed",
          "title": "handles short addresses correctly"
        },
        {
          "ancestorTitles": ["formatDisplayName"],
          "duration": 2,
          "failing": false,
          "failureDetails": [],
          "failureMessages": [],
          "fullName": "formatDisplayName prioritizes ENS name over address formatting",
          "invocations": 1,
          "location": null,
          "numPassingAsserts": 2,
          "retryReasons": [],
          "startAt": 1758620453295,
          "status": "passed",
          "title": "prioritizes ENS name over address formatting"
        }
      ],
      "failureMessage": null
    },
    {
      "leaks": false,
      "numFailingTests": 0,
      "numPassingTests": 3,
      "numPendingTests": 0,
      "numTodoTests": 0,
      "openHandles": [],
      "perfStats": {
        "end": 1758620816418,
        "loadTestEnvironmentEnd": 1758620430202,
        "loadTestEnvironmentStart": 1758620408651,
        "runtime": 386211,
        "setupAfterEnvEnd": 1758620446291,
        "setupAfterEnvStart": 1758620441739,
        "setupFilesEnd": 1758620440240,
        "setupFilesStart": 1758620430207,
        "slow": true,
        "start": 1758620430207
      },
      "skipped": false,
      "snapshot": {
        "added": 0,
        "fileDeleted": false,
        "matched": 0,
        "unchecked": 0,
        "uncheckedKeys": [],
        "unmatched": 0,
        "updated": 0
      },
      "testFilePath": "D:\\FL2025\\Fl-ai-interface\\tests\\unit\\components\\TopInfo.test.jsx",
      "testResults": [
        {
          "ancestorTitles": ["TopInfo Component"],
          "duration": 98,
          "failing": false,
          "failureDetails": [],
          "failureMessages": [],
          "fullName": "TopInfo Component renders without crashing when wallet is connected",
          "invocations": 1,
          "location": null,
          "numPassingAsserts": 1,
          "retryReasons": [],
          "startAt": 1758620816283,
          "status": "passed",
          "title": "renders without crashing when wallet is connected"
        },
        {
          "ancestorTitles": ["TopInfo Component"],
          "duration": 12,
          "failing": false,
          "failureDetails": [],
          "failureMessages": [],
          "fullName": "TopInfo Component renders connect wallet button when wallet is not connected",
          "invocations": 1,
          "location": null,
          "numPassingAsserts": 1,
          "retryReasons": [],
          "startAt": 1758620816382,
          "status": "passed",
          "title": "renders connect wallet button when wallet is not connected"
        },
        {
          "ancestorTitles": ["TopInfo Component"],
          "duration": 22,
          "failing": false,
          "failureDetails": [],
          "failureMessages": [],
          "fullName": "TopInfo Component displays the correct network name",
          "invocations": 1,
          "location": null,
          "numPassingAsserts": 1,
          "retryReasons": [],
          "startAt": 1758620816394,
          "status": "passed",
          "title": "displays the correct network name"
        }
      ],
      "failureMessage": null
    }
  ],
  "wasInterrupted": false
}
