TN:
SF:src\webpack.development.js
FN:34,(anonymous_0)
FNF:1
FNH:0
FNDA:0,(anonymous_0)
DA:1,0
DA:2,0
DA:3,0
DA:5,0
DA:6,0
DA:8,0
DA:35,0
DA:36,0
DA:38,0
DA:39,0
DA:40,0
LF:11
LH:0
BRDA:35,0,0,0
BRDA:35,0,1,0
BRDA:43,1,0,0
BRDA:43,1,1,0
BRF:4
BRH:0
end_of_record
TN:
SF:src\components\AddRedPacket.tsx
FN:32,(anonymous_0)
FN:48,(anonymous_1)
FN:73,(anonymous_2)
FN:83,(anonymous_3)
FN:173,(anonymous_4)
FN:182,(anonymous_5)
FN:194,(anonymous_6)
FNF:7
FNH:0
FNDA:0,(anonymous_0)
FNDA:0,(anonymous_1)
FNDA:0,(anonymous_2)
FNDA:0,(anonymous_3)
FNDA:0,(anonymous_4)
FNDA:0,(anonymous_5)
FNDA:0,(anonymous_6)
DA:21,0
DA:22,0
DA:25,0
DA:32,0
DA:33,0
DA:35,0
DA:37,0
DA:38,0
DA:39,0
DA:40,0
DA:41,0
DA:42,0
DA:48,0
DA:49,0
DA:50,0
DA:51,0
DA:56,0
DA:57,0
DA:58,0
DA:61,0
DA:69,0
DA:73,0
DA:74,0
DA:75,0
DA:83,0
DA:84,0
DA:85,0
DA:86,0
DA:89,0
DA:90,0
DA:92,0
DA:93,0
DA:94,0
DA:97,0
DA:98,0
DA:99,0
DA:101,0
DA:102,0
DA:108,0
DA:112,0
DA:113,0
DA:116,0
DA:119,0
DA:120,0
DA:122,0
DA:123,0
DA:124,0
DA:125,0
DA:127,0
DA:130,0
DA:134,0
DA:173,0
DA:182,0
DA:194,0
LF:54
LH:0
BRDA:49,0,0,0
BRDA:49,0,1,0
BRDA:74,1,0,0
BRDA:74,1,1,0
BRDA:74,2,0,0
BRDA:74,2,1,0
BRDA:84,3,0,0
BRDA:84,3,1,0
BRDA:84,4,0,0
BRDA:84,4,1,0
BRDA:84,4,2,0
BRDA:92,5,0,0
BRDA:92,5,1,0
BRDA:92,6,0,0
BRDA:92,6,1,0
BRDA:122,7,0,0
BRDA:122,7,1,0
BRDA:124,8,0,0
BRDA:124,8,1,0
BRDA:146,9,0,0
BRDA:146,9,1,0
BRDA:152,10,0,0
BRDA:152,10,1,0
BRDA:158,11,0,0
BRDA:158,11,1,0
BRDA:186,12,0,0
BRDA:186,12,1,0
BRDA:205,13,0,0
BRDA:205,13,1,0
BRDA:205,13,2,0
BRDA:207,14,0,0
BRDA:207,14,1,0
BRDA:210,15,0,0
BRDA:210,15,1,0
BRF:34
BRH:0
end_of_record
TN:
SF:src\components\Dashboard.tsx
FN:6,(anonymous_0)
FN:41,(anonymous_1)
FNF:2
FNH:0
FNDA:0,(anonymous_0)
FNDA:0,(anonymous_1)
DA:6,0
DA:7,0
DA:9,0
DA:42,0
LF:4
LH:0
BRDA:25,0,0,0
BRDA:25,0,1,0
BRF:2
BRH:0
end_of_record
TN:
SF:src\components\SendRedPacket.tsx
FN:25,(anonymous_0)
FN:37,(anonymous_1)
FN:67,(anonymous_2)
FN:71,(anonymous_3)
FN:84,(anonymous_4)
FN:85,(anonymous_5)
FN:94,(anonymous_6)
FN:122,(anonymous_7)
FN:149,(anonymous_8)
FNF:9
FNH:0
FNDA:0,(anonymous_0)
FNDA:0,(anonymous_1)
FNDA:0,(anonymous_2)
FNDA:0,(anonymous_3)
FNDA:0,(anonymous_4)
FNDA:0,(anonymous_5)
FNDA:0,(anonymous_6)
FNDA:0,(anonymous_7)
FNDA:0,(anonymous_8)
DA:21,0
DA:22,0
DA:23,0
DA:25,0
DA:26,0
DA:28,0
DA:29,0
DA:30,0
DA:31,0
DA:37,0
DA:38,0
DA:39,0
DA:40,0
DA:45,0
DA:46,0
DA:47,0
DA:50,0
DA:58,0
DA:67,0
DA:68,0
DA:69,0
DA:71,0
DA:72,0
DA:76,0
DA:77,0
DA:81,0
DA:83,0
DA:84,0
DA:86,0
DA:87,0
DA:88,0
DA:94,0
DA:98,0
DA:99,0
DA:100,0
DA:101,0
DA:102,0
DA:103,0
DA:107,0
DA:108,0
DA:112,0
DA:115,0
DA:122,0
DA:123,0
DA:124,0
DA:125,0
DA:127,0
DA:128,0
DA:133,0
DA:134,0
DA:135,0
DA:136,0
DA:140,0
DA:142,0
DA:143,0
DA:145,0
DA:147,0
DA:149,0
DA:152,0
DA:153,0
DA:154,0
DA:155,0
DA:156,0
DA:157,0
DA:160,0
DA:163,0
DA:166,0
DA:170,0
DA:172,0
DA:175,0
DA:179,0
LF:71
LH:0
BRDA:38,0,0,0
BRDA:38,0,1,0
BRDA:72,1,0,0
BRDA:72,1,1,0
BRDA:73,2,0,0
BRDA:73,2,1,0
BRDA:101,3,0,0
BRDA:101,3,1,0
BRDA:103,4,0,0
BRDA:103,4,1,0
BRDA:104,5,0,0
BRDA:104,5,1,0
BRDA:134,6,0,0
BRDA:134,6,1,0
BRDA:147,7,0,0
BRDA:147,7,1,0
BRDA:152,8,0,0
BRDA:152,8,1,0
BRDA:154,9,0,0
BRDA:154,9,1,0
BRDA:166,10,0,0
BRDA:166,10,1,0
BRDA:167,11,0,0
BRDA:167,11,1,0
BRDA:167,11,2,0
BRDA:172,12,0,0
BRDA:172,12,1,0
BRDA:172,12,2,0
BRDA:193,13,0,0
BRDA:193,13,1,0
BRDA:199,14,0,0
BRDA:199,14,1,0
BRDA:205,15,0,0
BRDA:205,15,1,0
BRDA:221,16,0,0
BRDA:221,16,1,0
BRDA:223,17,0,0
BRDA:223,17,1,0
BRDA:226,18,0,0
BRDA:226,18,1,0
BRF:40
BRH:0
end_of_record
TN:
SF:src\components\TopInfo.tsx
FN:26,(anonymous_4)
FN:55,(anonymous_5)
FN:62,(anonymous_6)
FN:70,(anonymous_7)
FN:77,(anonymous_8)
FN:85,(anonymous_9)
FN:93,(anonymous_10)
FN:100,(anonymous_11)
FN:105,(anonymous_12)
FN:213,(anonymous_13)
FN:216,(anonymous_14)
FNF:11
FNH:4
FNDA:3,(anonymous_4)
FNDA:0,(anonymous_5)
FNDA:0,(anonymous_6)
FNDA:0,(anonymous_7)
FNDA:0,(anonymous_8)
FNDA:0,(anonymous_9)
FNDA:0,(anonymous_10)
FNDA:3,(anonymous_11)
FNDA:3,(anonymous_12)
FNDA:6,(anonymous_13)
FNDA:0,(anonymous_14)
DA:6,1
DA:20,1
DA:21,1
DA:22,1
DA:24,1
DA:26,1
DA:40,3
DA:46,3
DA:47,3
DA:49,3
DA:55,3
DA:56,0
DA:62,3
DA:63,0
DA:70,3
DA:71,0
DA:77,3
DA:78,0
DA:85,3
DA:86,0
DA:87,0
DA:93,3
DA:94,0
DA:95,0
DA:100,3
DA:101,3
DA:105,3
DA:106,3
DA:107,2
DA:214,6
DA:216,0
DA:251,3
LF:32
LH:23
BRDA:94,0,0,0
BRDA:94,0,1,0
BRDA:106,1,0,1
BRDA:106,1,1,2
BRDA:124,2,0,3
BRDA:124,2,1,0
BRDA:133,3,0,3
BRDA:133,3,1,2
BRDA:141,4,0,2
BRDA:141,4,1,0
BRDA:146,5,0,1
BRDA:146,5,1,2
BRDA:150,6,0,0
BRDA:150,6,1,1
BRDA:157,7,0,0
BRDA:157,7,1,1
BRDA:177,8,0,2
BRDA:177,8,1,2
BRDA:178,9,0,2
BRDA:178,9,1,2
BRDA:185,10,0,0
BRDA:185,10,1,2
BRDA:188,11,0,0
BRDA:188,11,1,2
BRF:24
BRH:16
end_of_record
TN:
SF:src\contexts\WalletContext.tsx
FN:19,(anonymous_0)
FN:30,(anonymous_1)
FNF:2
FNH:0
FNDA:0,(anonymous_0)
FNDA:0,(anonymous_1)
DA:13,0
DA:19,0
DA:20,0
DA:21,0
DA:30,0
DA:31,0
DA:32,0
DA:33,0
DA:35,0
LF:9
LH:0
BRDA:32,0,0,0
BRDA:32,0,1,0
BRF:2
BRH:0
end_of_record
TN:
SF:src\hooks\useENS.ts
FN:17,(anonymous_3)
FN:26,(anonymous_4)
FN:27,(anonymous_5)
FN:82,(anonymous_6)
FNF:4
FNH:4
FNDA:32,(anonymous_3)
FNDA:12,(anonymous_4)
FNDA:12,(anonymous_5)
FNDA:8,(anonymous_6)
DA:2,1
DA:17,32
DA:21,32
DA:22,32
DA:23,32
DA:24,32
DA:26,32
DA:27,12
DA:28,12
DA:29,2
DA:30,2
DA:31,2
DA:32,2
DA:35,10
DA:36,10
DA:38,10
DA:40,10
DA:41,9
DA:44,9
DA:45,8
DA:47,8
DA:48,8
DA:50,3
DA:51,2
DA:54,1
DA:55,1
DA:58,1
DA:61,1
DA:62,1
DA:63,1
DA:64,1
DA:66,10
DA:70,12
DA:73,32
DA:82,8
DA:86,8
DA:89,6
DA:90,3
DA:94,3
LF:39
LH:39
BRDA:28,0,0,2
BRDA:28,0,1,10
BRDA:28,1,0,12
BRDA:28,1,1,10
BRDA:44,2,0,8
BRDA:44,2,1,1
BRDA:48,3,0,3
BRDA:48,3,1,5
BRDA:51,4,0,2
BRDA:51,4,1,1
BRDA:86,5,0,2
BRDA:86,5,1,6
BRDA:89,6,0,3
BRDA:89,6,1,3
BRF:14
BRH:14
end_of_record
TN:
SF:src\hooks\useWallet\config.ts
FNF:0
FNH:0
DA:2,0
LF:1
LH:0
BRF:0
BRH:0
end_of_record
TN:
SF:src\hooks\useWallet\index.ts
FN:8,(anonymous_0)
FN:28,(anonymous_1)
FN:30,(anonymous_2)
FN:38,(anonymous_3)
FN:51,(anonymous_4)
FN:91,(anonymous_5)
FN:134,(anonymous_6)
FN:173,(anonymous_7)
FN:179,(anonymous_8)
FN:197,(anonymous_9)
FN:210,(anonymous_10)
FN:220,(anonymous_11)
FN:238,(anonymous_12)
FN:239,(anonymous_13)
FNF:14
FNH:0
FNDA:0,(anonymous_0)
FNDA:0,(anonymous_1)
FNDA:0,(anonymous_2)
FNDA:0,(anonymous_3)
FNDA:0,(anonymous_4)
FNDA:0,(anonymous_5)
FNDA:0,(anonymous_6)
FNDA:0,(anonymous_7)
FNDA:0,(anonymous_8)
FNDA:0,(anonymous_9)
FNDA:0,(anonymous_10)
FNDA:0,(anonymous_11)
FNDA:0,(anonymous_12)
FNDA:0,(anonymous_13)
DA:8,0
DA:9,0
DA:21,0
DA:23,0
DA:28,0
DA:29,0
DA:30,0
DA:31,0
DA:37,0
DA:39,0
DA:41,0
DA:43,0
DA:45,0
DA:47,0
DA:49,0
DA:51,0
DA:62,0
DA:64,0
DA:66,0
DA:71,0
DA:72,0
DA:73,0
DA:74,0
DA:75,0
DA:76,0
DA:77,0
DA:78,0
DA:80,0
DA:90,0
DA:92,0
DA:93,0
DA:94,0
DA:96,0
DA:97,0
DA:99,0
DA:100,0
DA:106,0
DA:107,0
DA:108,0
DA:113,0
DA:114,0
DA:115,0
DA:117,0
DA:120,0
DA:121,0
DA:123,0
DA:124,0
DA:134,0
DA:135,0
DA:136,0
DA:137,0
DA:138,0
DA:139,0
DA:140,0
DA:144,0
DA:145,0
DA:150,0
DA:153,0
DA:155,0
DA:158,0
DA:159,0
DA:161,0
DA:162,0
DA:165,0
DA:173,0
DA:174,0
DA:175,0
DA:179,0
DA:180,0
DA:182,0
DA:183,0
DA:184,0
DA:185,0
DA:189,0
DA:190,0
DA:194,0
DA:197,0
DA:198,0
DA:200,0
DA:201,0
DA:203,0
DA:205,0
DA:208,0
DA:210,0
DA:211,0
DA:212,0
DA:220,0
DA:221,0
DA:232,0
DA:238,0
DA:239,0
DA:240,0
DA:242,0
DA:244,0
DA:247,0
DA:248,0
DA:249,0
DA:252,0
DA:256,0
DA:259,0
LF:100
LH:0
BRDA:31,0,0,0
BRDA:31,0,1,0
BRDA:66,1,0,0
BRDA:66,1,1,0
BRDA:67,2,0,0
BRDA:67,2,1,0
BRDA:73,3,0,0
BRDA:73,3,1,0
BRDA:75,4,0,0
BRDA:75,4,1,0
BRDA:77,5,0,0
BRDA:77,5,1,0
BRDA:92,6,0,0
BRDA:92,6,1,0
BRDA:106,7,0,0
BRDA:106,7,1,0
BRDA:114,8,0,0
BRDA:114,8,1,0
BRDA:120,9,0,0
BRDA:120,9,1,0
BRDA:137,10,0,0
BRDA:137,10,1,0
BRDA:155,11,0,0
BRDA:155,11,1,0
BRDA:174,12,0,0
BRDA:174,12,1,0
BRDA:180,13,0,0
BRDA:180,13,1,0
BRDA:184,14,0,0
BRDA:184,14,1,0
BRDA:189,15,0,0
BRDA:189,15,1,0
BRDA:240,16,0,0
BRDA:240,16,1,0
BRDA:247,17,0,0
BRDA:247,17,1,0
BRF:36
BRH:0
end_of_record
TN:
SF:src\pages\App.tsx
FN:17,(anonymous_0)
FNF:1
FNH:0
FNDA:0,(anonymous_0)
DA:17,0
DA:18,0
LF:2
LH:0
BRF:0
BRH:0
end_of_record
TN:
SF:src\utils\getName.ts
FN:5,getName
FNF:1
FNH:1
FNDA:8,getName
DA:1,1
DA:3,1
DA:5,8
DA:6,8
DA:7,6
DA:8,4
LF:6
LH:6
BRDA:6,0,0,2
BRDA:6,0,1,6
BRDA:7,1,0,2
BRDA:7,1,1,4
BRF:4
BRH:4
end_of_record
TN:
SF:src\utils\index.ts
FN:1,addressFormat
FNF:1
FNH:1
FNDA:10,addressFormat
DA:4,10
DA:5,4
DA:9,6
DA:11,10
LF:4
LH:4
BRDA:4,0,0,4
BRDA:4,0,1,6
BRF:2
BRH:2
end_of_record
TN:
SF:src\utils\sum.ts
FN:1,sum
FNF:1
FNH:1
FNDA:14,sum
DA:1,14
DA:2,14
DA:3,5
DA:5,9
LF:4
LH:4
BRDA:2,0,0,5
BRDA:2,0,1,9
BRF:2
BRH:2
end_of_record
