TN:
SF:src\webpack.development.js
FN:34,(anonymous_0)
FNF:1
FNH:0
FNDA:0,(anonymous_0)
DA:1,0
DA:2,0
DA:3,0
DA:5,0
DA:6,0
DA:8,0
DA:35,0
DA:36,0
DA:38,0
DA:39,0
DA:40,0
LF:11
LH:0
BRDA:35,0,0,0
BRDA:35,0,1,0
BRDA:43,1,0,0
BRDA:43,1,1,0
BRF:4
BRH:0
end_of_record
TN:
SF:src\components\AddRedPacket.tsx
FN:33,(anonymous_0)
FN:49,(anonymous_1)
FN:70,(anonymous_2)
FN:80,(anonymous_3)
FN:163,(anonymous_4)
FN:170,(anonymous_5)
FN:180,(anonymous_6)
FNF:7
FNH:0
FNDA:0,(anonymous_0)
FNDA:0,(anonymous_1)
FNDA:0,(anonymous_2)
FNDA:0,(anonymous_3)
FNDA:0,(anonymous_4)
FNDA:0,(anonymous_5)
FNDA:0,(anonymous_6)
DA:21,0
DA:22,0
DA:25,0
DA:33,0
DA:34,0
DA:36,0
DA:38,0
DA:39,0
DA:40,0
DA:41,0
DA:42,0
DA:43,0
DA:49,0
DA:50,0
DA:51,0
DA:52,0
DA:53,0
DA:54,0
DA:55,0
DA:58,0
DA:66,0
DA:70,0
DA:71,0
DA:72,0
DA:80,0
DA:81,0
DA:82,0
DA:83,0
DA:86,0
DA:87,0
DA:89,0
DA:90,0
DA:91,0
DA:94,0
DA:95,0
DA:96,0
DA:98,0
DA:99,0
DA:101,0
DA:105,0
DA:106,0
DA:109,0
DA:112,0
DA:113,0
DA:115,0
DA:116,0
DA:117,0
DA:118,0
DA:120,0
DA:123,0
DA:127,0
DA:163,0
DA:170,0
DA:180,0
LF:54
LH:0
BRDA:50,0,0,0
BRDA:50,0,1,0
BRDA:71,1,0,0
BRDA:71,1,1,0
BRDA:71,2,0,0
BRDA:71,2,1,0
BRDA:81,3,0,0
BRDA:81,3,1,0
BRDA:81,4,0,0
BRDA:81,4,1,0
BRDA:81,4,2,0
BRDA:89,5,0,0
BRDA:89,5,1,0
BRDA:89,6,0,0
BRDA:89,6,1,0
BRDA:115,7,0,0
BRDA:115,7,1,0
BRDA:117,8,0,0
BRDA:117,8,1,0
BRDA:136,9,0,0
BRDA:136,9,1,0
BRDA:142,10,0,0
BRDA:142,10,1,0
BRDA:148,11,0,0
BRDA:148,11,1,0
BRDA:172,12,0,0
BRDA:172,12,1,0
BRDA:191,13,0,0
BRDA:191,13,1,0
BRDA:191,13,2,0
BRDA:192,14,0,0
BRDA:192,14,1,0
BRDA:194,15,0,0
BRDA:194,15,1,0
BRF:34
BRH:0
end_of_record
TN:
SF:src\components\Dashboard.tsx
FN:6,(anonymous_0)
FN:41,(anonymous_1)
FNF:2
FNH:0
FNDA:0,(anonymous_0)
FNDA:0,(anonymous_1)
DA:6,0
DA:7,0
DA:9,0
DA:41,0
LF:4
LH:0
BRDA:25,0,0,0
BRDA:25,0,1,0
BRF:2
BRH:0
end_of_record
TN:
SF:src\components\SendRedPacket.tsx
FN:17,(anonymous_0)
FN:29,(anonymous_1)
FN:55,(anonymous_2)
FN:59,(anonymous_3)
FN:69,(anonymous_4)
FN:70,(anonymous_5)
FN:79,(anonymous_6)
FN:101,(anonymous_7)
FN:124,(anonymous_8)
FNF:9
FNH:0
FNDA:0,(anonymous_0)
FNDA:0,(anonymous_1)
FNDA:0,(anonymous_2)
FNDA:0,(anonymous_3)
FNDA:0,(anonymous_4)
FNDA:0,(anonymous_5)
FNDA:0,(anonymous_6)
FNDA:0,(anonymous_7)
FNDA:0,(anonymous_8)
DA:13,0
DA:14,0
DA:15,0
DA:17,0
DA:18,0
DA:20,0
DA:21,0
DA:22,0
DA:23,0
DA:29,0
DA:30,0
DA:31,0
DA:32,0
DA:33,0
DA:34,0
DA:35,0
DA:38,0
DA:46,0
DA:55,0
DA:56,0
DA:57,0
DA:59,0
DA:60,0
DA:61,0
DA:62,0
DA:66,0
DA:68,0
DA:69,0
DA:71,0
DA:72,0
DA:73,0
DA:79,0
DA:80,0
DA:81,0
DA:82,0
DA:83,0
DA:84,0
DA:85,0
DA:86,0
DA:87,0
DA:91,0
DA:94,0
DA:101,0
DA:102,0
DA:103,0
DA:104,0
DA:106,0
DA:107,0
DA:108,0
DA:109,0
DA:110,0
DA:111,0
DA:115,0
DA:117,0
DA:118,0
DA:120,0
DA:122,0
DA:124,0
DA:127,0
DA:128,0
DA:129,0
DA:130,0
DA:131,0
DA:132,0
DA:135,0
DA:138,0
DA:141,0
DA:142,0
DA:144,0
DA:147,0
DA:151,0
LF:71
LH:0
BRDA:30,0,0,0
BRDA:30,0,1,0
BRDA:60,1,0,0
BRDA:60,1,1,0
BRDA:60,2,0,0
BRDA:60,2,1,0
BRDA:83,3,0,0
BRDA:83,3,1,0
BRDA:85,4,0,0
BRDA:85,4,1,0
BRDA:85,5,0,0
BRDA:85,5,1,0
BRDA:109,6,0,0
BRDA:109,6,1,0
BRDA:122,7,0,0
BRDA:122,7,1,0
BRDA:127,8,0,0
BRDA:127,8,1,0
BRDA:129,9,0,0
BRDA:129,9,1,0
BRDA:141,10,0,0
BRDA:141,10,1,0
BRDA:141,11,0,0
BRDA:141,11,1,0
BRDA:141,11,2,0
BRDA:144,12,0,0
BRDA:144,12,1,0
BRDA:144,12,2,0
BRDA:161,13,0,0
BRDA:161,13,1,0
BRDA:167,14,0,0
BRDA:167,14,1,0
BRDA:173,15,0,0
BRDA:173,15,1,0
BRDA:189,16,0,0
BRDA:189,16,1,0
BRDA:190,17,0,0
BRDA:190,17,1,0
BRDA:192,18,0,0
BRDA:192,18,1,0
BRF:40
BRH:0
end_of_record
TN:
SF:src\components\TopInfo.tsx
FN:26,(anonymous_4)
FN:50,(anonymous_5)
FN:57,(anonymous_6)
FN:65,(anonymous_7)
FN:72,(anonymous_8)
FN:80,(anonymous_9)
FN:88,(anonymous_10)
FN:95,(anonymous_11)
FN:100,(anonymous_12)
FN:199,(anonymous_13)
FN:202,(anonymous_14)
FNF:11
FNH:4
FNDA:3,(anonymous_4)
FNDA:0,(anonymous_5)
FNDA:0,(anonymous_6)
FNDA:0,(anonymous_7)
FNDA:0,(anonymous_8)
FNDA:0,(anonymous_9)
FNDA:0,(anonymous_10)
FNDA:3,(anonymous_11)
FNDA:3,(anonymous_12)
FNDA:6,(anonymous_13)
FNDA:0,(anonymous_14)
DA:6,1
DA:20,1
DA:21,1
DA:22,1
DA:24,1
DA:26,1
DA:40,3
DA:42,3
DA:43,3
DA:44,3
DA:50,3
DA:51,0
DA:57,3
DA:58,0
DA:65,3
DA:66,0
DA:72,3
DA:73,0
DA:80,3
DA:81,0
DA:82,0
DA:88,3
DA:89,0
DA:90,0
DA:95,3
DA:96,3
DA:100,3
DA:101,3
DA:102,2
DA:200,6
DA:202,0
DA:237,3
LF:32
LH:23
BRDA:89,0,0,0
BRDA:89,0,1,0
BRDA:101,1,0,1
BRDA:101,1,1,2
BRDA:115,2,0,3
BRDA:115,2,1,0
BRDA:124,3,0,3
BRDA:124,3,1,2
BRDA:132,4,0,2
BRDA:132,4,1,0
BRDA:137,5,0,1
BRDA:137,5,1,2
BRDA:140,6,0,0
BRDA:140,6,1,1
BRDA:146,7,0,0
BRDA:146,7,1,1
BRDA:166,8,0,2
BRDA:166,8,1,2
BRDA:167,9,0,2
BRDA:167,9,1,2
BRDA:171,10,0,0
BRDA:171,10,1,2
BRDA:174,11,0,0
BRDA:174,11,1,2
BRF:24
BRH:16
end_of_record
TN:
SF:src\contexts\WalletContext.tsx
FN:19,(anonymous_0)
FN:26,(anonymous_1)
FNF:2
FNH:0
FNDA:0,(anonymous_0)
FNDA:0,(anonymous_1)
DA:13,0
DA:19,0
DA:20,0
DA:21,0
DA:26,0
DA:27,0
DA:28,0
DA:29,0
DA:31,0
LF:9
LH:0
BRDA:28,0,0,0
BRDA:28,0,1,0
BRF:2
BRH:0
end_of_record
TN:
SF:src\hooks\useENS.ts
FN:17,(anonymous_3)
FN:23,(anonymous_4)
FN:24,(anonymous_5)
FN:79,(anonymous_6)
FNF:4
FNH:4
FNDA:32,(anonymous_3)
FNDA:12,(anonymous_4)
FNDA:12,(anonymous_5)
FNDA:8,(anonymous_6)
DA:2,1
DA:17,32
DA:18,32
DA:19,32
DA:20,32
DA:21,32
DA:23,32
DA:24,12
DA:25,12
DA:26,2
DA:27,2
DA:28,2
DA:29,2
DA:32,10
DA:33,10
DA:35,10
DA:37,10
DA:38,9
DA:41,9
DA:42,8
DA:44,8
DA:45,8
DA:47,3
DA:48,2
DA:51,1
DA:52,1
DA:55,1
DA:58,1
DA:59,1
DA:60,1
DA:61,1
DA:63,10
DA:67,12
DA:70,32
DA:79,8
DA:80,8
DA:83,6
DA:84,3
DA:88,3
LF:39
LH:39
BRDA:25,0,0,2
BRDA:25,0,1,10
BRDA:25,1,0,12
BRDA:25,1,1,10
BRDA:41,2,0,8
BRDA:41,2,1,1
BRDA:45,3,0,3
BRDA:45,3,1,5
BRDA:48,4,0,2
BRDA:48,4,1,1
BRDA:80,5,0,2
BRDA:80,5,1,6
BRDA:83,6,0,3
BRDA:83,6,1,3
BRF:14
BRH:14
end_of_record
TN:
SF:src\hooks\useWallet\config.ts
FNF:0
FNH:0
DA:2,0
LF:1
LH:0
BRF:0
BRH:0
end_of_record
TN:
SF:src\hooks\useWallet\index.ts
FN:8,(anonymous_0)
FN:28,(anonymous_1)
FN:30,(anonymous_2)
FN:38,(anonymous_3)
FN:51,(anonymous_4)
FN:91,(anonymous_5)
FN:134,(anonymous_6)
FN:173,(anonymous_7)
FN:179,(anonymous_8)
FN:197,(anonymous_9)
FN:210,(anonymous_10)
FN:220,(anonymous_11)
FN:238,(anonymous_12)
FN:239,(anonymous_13)
FNF:14
FNH:0
FNDA:0,(anonymous_0)
FNDA:0,(anonymous_1)
FNDA:0,(anonymous_2)
FNDA:0,(anonymous_3)
FNDA:0,(anonymous_4)
FNDA:0,(anonymous_5)
FNDA:0,(anonymous_6)
FNDA:0,(anonymous_7)
FNDA:0,(anonymous_8)
FNDA:0,(anonymous_9)
FNDA:0,(anonymous_10)
FNDA:0,(anonymous_11)
FNDA:0,(anonymous_12)
FNDA:0,(anonymous_13)
DA:8,0
DA:9,0
DA:21,0
DA:23,0
DA:28,0
DA:29,0
DA:30,0
DA:31,0
DA:37,0
DA:39,0
DA:41,0
DA:43,0
DA:45,0
DA:47,0
DA:49,0
DA:51,0
DA:62,0
DA:64,0
DA:66,0
DA:71,0
DA:72,0
DA:73,0
DA:74,0
DA:75,0
DA:76,0
DA:77,0
DA:78,0
DA:80,0
DA:90,0
DA:92,0
DA:93,0
DA:94,0
DA:96,0
DA:97,0
DA:99,0
DA:100,0
DA:106,0
DA:107,0
DA:108,0
DA:113,0
DA:114,0
DA:115,0
DA:117,0
DA:120,0
DA:121,0
DA:123,0
DA:124,0
DA:134,0
DA:135,0
DA:136,0
DA:137,0
DA:138,0
DA:139,0
DA:140,0
DA:144,0
DA:145,0
DA:150,0
DA:153,0
DA:155,0
DA:158,0
DA:159,0
DA:161,0
DA:162,0
DA:165,0
DA:173,0
DA:174,0
DA:175,0
DA:179,0
DA:180,0
DA:182,0
DA:183,0
DA:184,0
DA:185,0
DA:189,0
DA:190,0
DA:194,0
DA:197,0
DA:198,0
DA:200,0
DA:201,0
DA:203,0
DA:205,0
DA:208,0
DA:210,0
DA:211,0
DA:212,0
DA:220,0
DA:221,0
DA:232,0
DA:238,0
DA:239,0
DA:240,0
DA:242,0
DA:244,0
DA:247,0
DA:248,0
DA:249,0
DA:252,0
DA:256,0
DA:259,0
LF:100
LH:0
BRDA:31,0,0,0
BRDA:31,0,1,0
BRDA:66,1,0,0
BRDA:66,1,1,0
BRDA:67,2,0,0
BRDA:67,2,1,0
BRDA:73,3,0,0
BRDA:73,3,1,0
BRDA:75,4,0,0
BRDA:75,4,1,0
BRDA:77,5,0,0
BRDA:77,5,1,0
BRDA:92,6,0,0
BRDA:92,6,1,0
BRDA:106,7,0,0
BRDA:106,7,1,0
BRDA:114,8,0,0
BRDA:114,8,1,0
BRDA:120,9,0,0
BRDA:120,9,1,0
BRDA:137,10,0,0
BRDA:137,10,1,0
BRDA:155,11,0,0
BRDA:155,11,1,0
BRDA:174,12,0,0
BRDA:174,12,1,0
BRDA:180,13,0,0
BRDA:180,13,1,0
BRDA:184,14,0,0
BRDA:184,14,1,0
BRDA:189,15,0,0
BRDA:189,15,1,0
BRDA:240,16,0,0
BRDA:240,16,1,0
BRDA:247,17,0,0
BRDA:247,17,1,0
BRF:36
BRH:0
end_of_record
TN:
SF:src\pages\App.tsx
FN:9,(anonymous_0)
FNF:1
FNH:0
FNDA:0,(anonymous_0)
DA:9,0
DA:10,0
LF:2
LH:0
BRF:0
BRH:0
end_of_record
TN:
SF:src\utils\getName.ts
FN:5,getName
FNF:1
FNH:1
FNDA:8,getName
DA:1,1
DA:3,1
DA:5,8
DA:6,8
DA:7,6
DA:8,4
LF:6
LH:6
BRDA:6,0,0,2
BRDA:6,0,1,6
BRDA:7,1,0,2
BRDA:7,1,1,4
BRF:4
BRH:4
end_of_record
TN:
SF:src\utils\index.ts
FN:1,addressFormat
FNF:1
FNH:1
FNDA:10,addressFormat
DA:4,10
DA:5,4
DA:9,6
DA:11,10
LF:4
LH:4
BRDA:4,0,0,4
BRDA:4,0,1,6
BRF:2
BRH:2
end_of_record
TN:
SF:src\utils\sum.ts
FN:1,sum
FNF:1
FNH:1
FNDA:14,sum
DA:1,14
DA:2,14
DA:3,5
DA:5,9
LF:4
LH:4
BRDA:2,0,0,5
BRDA:2,0,1,9
BRF:2
BRH:2
end_of_record
